{"logTime": "1128/133645", "correlationVector":"Xr//yNy6mSpl78bHEUkKx3.1","action":"SyncServerConnectionManagerRequest", "result":"SYNC_SERVER_OK", "context":{"environment":"Prod_brazilsouth_prod-s01-001-sam-brazilsouth", "migrationStage":"NotStarted", "server":"akswtt222000018"}}
{"logTime": "1128/133645", "correlationVector":"Xr//yNy6mSpl78bHEUkKx3.2","action":"ProcessGetUpdates", "result":"Done", "context":{"dataType":"Encryption Keys", "deleted":"0", "process_failed_to_decrypt":"0", "process_pending_decryption":"0", "process_success":"1", "total":"1"}}
{"logTime": "1128/133646", "correlationVector":"NjPV+59rvWNAfWlJwMBO6F","action":"SyncServerConnectionManagerRequest", "result":"SYNC_SERVER_OK", "context":{"environment":"", "migrationStage":"", "server":""}}
{"logTime": "1128/133646", "correlationVector":"NjPV+59rvWNAfWlJwMBO6F.0","action":"EncryptionKeysFetcher.DownloadKeys:", "result":"Success", "context":Key count: 4, Last key timestamp: 2025-07-27T19:47:11Z}
{"logTime": "1128/133646", "correlationVector":"NjPV+59rvWNAfWlJwMBO6F.1","action":"EncryptionKeysManager::SetEncryptionKeys:", "result":"Success", "context":Key names[4]:[448yHmopGM8R3A8e/Yj0eAhR7G2MNtdcPmFG7V2O9nnB1FDVhW+2YuR7aTlQ3zCsPzj4kGHMh4deT9HtCwWgMg==][v5baaJAmZqM0rrNwwK7E5/hMC0VibmQD4Z0xbzGWpB6m7FZR5X5TgoHV5/kkG4ujupzrIJuvtFopU9W2h0pjsQ==][HwJJN53fEEsG/B/ffOWqQaQnUvrXCymGTnzWKhJzOmwq64t1Ox9VVO/uKZ4679OiDzm1HTEkXGynP0NeTB4lpw==][zrI8bKXPjAOVBG76Z68JmuIWPfwFWfLLSjKvhmRVgZVbr5TLDe2sw7m/IIdhP3VcWW3cpn2v5Btj2Y1aYL2nYQ==]}
{"logTime": "1128/133646", "correlationVector":"NjPV+59rvWNAfWlJwMBO6F.2","action":"EncryptionKeysManager::SetEncryptionKeysWithTimestamps:", "result":"Success", "context":Key timestamps[4]:[2023-10-17T22:07:43Z][2024-04-16T01:01:49Z][2025-05-31T00:51:07Z][2025-07-27T19:47:11Z]}
{"logTime": "1128/133646", "correlationVector":"Xr//yNy6mSpl78bHEUkKx3","action":"Initial GetUpdates", "result":"", "context":Reason: NEW_CLIENT. cV=Xr//yNy6mSpl78bHEUkKx3}
{"logTime": "1128/133646", "correlationVector":"Xr//yNy6mSpl78bHEUkKx3.3","action":"GetUpdates Response", "result":"Success", "context":Received 1 update(s). cV=Xr//yNy6mSpl78bHEUkKx3.0;server=akswtt222000018;cloudType=Consumer;environment=Prod_brazilsouth_prod-s01-001-sam-brazilsouth;migrationStage=NotStarted}
{"logTime": "1128/133646", "correlationVector":"H76WG9TNPJSM0jhZfV7XxI","action":"Initial GetUpdates", "result":"", "context":Reason: NEWLY_SUPPORTED_DATATYPE. cV=H76WG9TNPJSM0jhZfV7XxI}
{"logTime": "1128/133647", "correlationVector":"H76WG9TNPJSM0jhZfV7XxI.1","action":"SyncServerConnectionManagerRequest", "result":"SYNC_SERVER_OK", "context":{"environment":"Prod_brazilsouth_prod-s01-001-sam-brazilsouth", "migrationStage":"NotStarted", "server":"akswtt22200000l"}}
{"logTime": "1128/133647", "correlationVector":"H76WG9TNPJSM0jhZfV7XxI.2","action":"ProcessGetUpdates", "result":"Done", "context":{"dataType":"Preferences", "deleted":"1", "process_failed_to_decrypt":"0", "process_pending_decryption":"0", "process_success":"83", "total":"83"}}
{"logTime": "1128/133647", "correlationVector":"H76WG9TNPJSM0jhZfV7XxI.3","action":"ProcessGetUpdates", "result":"Done", "context":{"dataType":"Passwords", "deleted":"1", "process_failed_to_decrypt":"0", "process_pending_decryption":"0", "process_success":"33", "total":"33"}}
{"logTime": "1128/133647", "correlationVector":"H76WG9TNPJSM0jhZfV7XxI.4","action":"ProcessGetUpdates", "result":"Done", "context":{"dataType":"Device Info", "deleted":"0", "process_failed_to_decrypt":"0", "process_pending_decryption":"0", "process_success":"13", "total":"13"}}
{"logTime": "1128/133647", "correlationVector":"H76WG9TNPJSM0jhZfV7XxI.5","action":"GetUpdates Response", "result":"Success", "context":Received 129 update(s). cV=H76WG9TNPJSM0jhZfV7XxI.0;server=akswtt22200000l;cloudType=Consumer;environment=Prod_brazilsouth_prod-s01-001-sam-brazilsouth;migrationStage=NotStarted}
{"logTime": "1128/133647", "correlationVector":"gzVHb/mU59uBExOG1Jhhsy","action":"Initial GetUpdates", "result":"", "context":Reason: NEWLY_SUPPORTED_DATATYPE. cV=gzVHb/mU59uBExOG1Jhhsy}
{"logTime": "1128/133647", "correlationVector":"gzVHb/mU59uBExOG1Jhhsy.1","action":"SyncServerConnectionManagerRequest", "result":"SYNC_SERVER_OK", "context":{"environment":"Prod_brazilsouth_prod-s01-001-sam-brazilsouth", "migrationStage":"NotStarted", "server":"akswtt222000014"}}
{"logTime": "1128/133647", "correlationVector":"gzVHb/mU59uBExOG1Jhhsy.2","action":"ProcessGetUpdates", "result":"Done", "context":{"dataType":"Bookmarks", "deleted":"1", "process_failed_to_decrypt":"0", "process_pending_decryption":"0", "process_success":"22", "total":"22"}}
{"logTime": "1128/133647", "correlationVector":"gzVHb/mU59uBExOG1Jhhsy.3","action":"GetUpdates Response", "result":"Success", "context":Received 22 update(s). cV=gzVHb/mU59uBExOG1Jhhsy.0;server=akswtt222000014;cloudType=Consumer;environment=Prod_brazilsouth_prod-s01-001-sam-brazilsouth;migrationStage=NotStarted}
{"logTime": "1128/133648", "correlationVector":"PT4uCgrEuYQAmps0OYPLK+","action":"Initial GetUpdates", "result":"", "context":Reason: NEWLY_SUPPORTED_DATATYPE. cV=PT4uCgrEuYQAmps0OYPLK+}
{"logTime": "1128/133648", "correlationVector":"PT4uCgrEuYQAmps0OYPLK+.1","action":"SyncServerConnectionManagerRequest", "result":"SYNC_SERVER_OK", "context":{"environment":"Prod_brazilsouth_prod-s01-001-sam-brazilsouth", "migrationStage":"NotStarted", "server":"akswtt222000008"}}
{"logTime": "1128/133648", "correlationVector":"PT4uCgrEuYQAmps0OYPLK+.2","action":"ProcessGetUpdates", "result":"Done", "context":{"dataType":"Autofill Profiles", "deleted":"0", "process_failed_to_decrypt":"0", "process_pending_decryption":"0", "process_success":"15", "total":"15"}}
{"logTime": "1128/133648", "correlationVector":"PT4uCgrEuYQAmps0OYPLK+.3","action":"ProcessGetUpdates", "result":"Done", "context":{"dataType":"Autofill", "deleted":"0", "process_failed_to_decrypt":"0", "process_pending_decryption":"0", "process_success":"147", "total":"147"}}
{"logTime": "1128/133648", "correlationVector":"PT4uCgrEuYQAmps0OYPLK+.4","action":"ProcessGetUpdates", "result":"Done", "context":{"dataType":"Sessions", "deleted":"88", "process_failed_to_decrypt":"0", "process_pending_decryption":"0", "process_success":"88", "total":"88"}}
{"logTime": "1128/133648", "correlationVector":"PT4uCgrEuYQAmps0OYPLK+.5","action":"GetUpdates Response", "result":"Success", "context":Received 250 update(s). cV=PT4uCgrEuYQAmps0OYPLK+.0;server=akswtt222000008;cloudType=Consumer;environment=Prod_brazilsouth_prod-s01-001-sam-brazilsouth;migrationStage=NotStarted Some updates remain.}
{"logTime": "1128/133648", "correlationVector":"BnTRrS6i3jfYr4oFG9g4vl","action":"Initial GetUpdates", "result":"", "context":Reason: NEWLY_SUPPORTED_DATATYPE. cV=BnTRrS6i3jfYr4oFG9g4vl}
{"logTime": "1128/133649", "correlationVector":"BnTRrS6i3jfYr4oFG9g4vl.1","action":"SyncServerConnectionManagerRequest", "result":"SYNC_SERVER_OK", "context":{"environment":"Prod_brazilsouth_prod-s01-001-sam-brazilsouth", "migrationStage":"NotStarted", "server":"akswtt222000009"}}
{"logTime": "1128/133649", "correlationVector":"BnTRrS6i3jfYr4oFG9g4vl.2","action":"ProcessGetUpdates", "result":"Done", "context":{"dataType":"Autofill", "deleted":"0", "process_failed_to_decrypt":"0", "process_pending_decryption":"0", "process_success":"9", "total":"9"}}
{"logTime": "1128/133649", "correlationVector":"BnTRrS6i3jfYr4oFG9g4vl.3","action":"ProcessGetUpdates", "result":"Done", "context":{"dataType":"Sessions", "deleted":"87", "process_failed_to_decrypt":"0", "process_pending_decryption":"0", "process_success":"101", "total":"101"}}
{"logTime": "1128/133649", "correlationVector":"BnTRrS6i3jfYr4oFG9g4vl.4","action":"ProcessGetUpdates", "result":"Done", "context":{"dataType":"Edge Hub App Usage", "deleted":"0", "process_failed_to_decrypt":"0", "process_pending_decryption":"0", "process_success":"1", "total":"1"}}
{"logTime": "1128/133649", "correlationVector":"BnTRrS6i3jfYr4oFG9g4vl.5","action":"GetUpdates Response", "result":"Success", "context":Received 111 update(s). cV=BnTRrS6i3jfYr4oFG9g4vl.0;server=akswtt222000009;cloudType=Consumer;environment=Prod_brazilsouth_prod-s01-001-sam-brazilsouth;migrationStage=NotStarted}
{"logTime": "1128/133649", "correlationVector":"SzCxr1xAKEIA+jfNqT2qvl","action":"Initial GetUpdates", "result":"", "context":Reason: NEWLY_SUPPORTED_DATATYPE. cV=SzCxr1xAKEIA+jfNqT2qvl}
{"logTime": "1128/133651", "correlationVector":"SzCxr1xAKEIA+jfNqT2qvl.1","action":"SyncServerConnectionManagerRequest", "result":"SYNC_SERVER_OK", "context":{"environment":"Prod_brazilsouth_prod-s01-001-sam-brazilsouth", "migrationStage":"NotStarted", "server":"akswtt22200000p"}}
{"logTime": "1128/133651", "correlationVector":"SzCxr1xAKEIA+jfNqT2qvl.2","action":"ProcessGetUpdates", "result":"Done", "context":{"dataType":"History", "deleted":"0", "process_failed_to_decrypt":"0", "process_pending_decryption":"0", "process_success":"250", "total":"250"}}
{"logTime": "1128/133651", "correlationVector":"SzCxr1xAKEIA+jfNqT2qvl.3","action":"GetUpdates Response", "result":"Success", "context":Received 250 update(s). cV=SzCxr1xAKEIA+jfNqT2qvl.0;server=akswtt22200000p;cloudType=Consumer;environment=Prod_brazilsouth_prod-s01-001-sam-brazilsouth;migrationStage=NotStarted Some updates remain.}
{"logTime": "1128/133651", "correlationVector":"Bywl/DMDj0p0+eFhDxS21j","action":"Initial GetUpdates", "result":"", "context":Reason: NEWLY_SUPPORTED_DATATYPE. cV=Bywl/DMDj0p0+eFhDxS21j}
{"logTime": "1128/133651", "correlationVector":"Bywl/DMDj0p0+eFhDxS21j.1","action":"SyncServerConnectionManagerRequest", "result":"SYNC_SERVER_OK", "context":{"environment":"Prod_brazilsouth_prod-s01-001-sam-brazilsouth", "migrationStage":"NotStarted", "server":"akswtt22200000t"}}
{"logTime": "1128/133651", "correlationVector":"Bywl/DMDj0p0+eFhDxS21j.2","action":"ProcessGetUpdates", "result":"Done", "context":{"dataType":"History", "deleted":"0", "process_failed_to_decrypt":"0", "process_pending_decryption":"0", "process_success":"250", "total":"250"}}
{"logTime": "1128/133651", "correlationVector":"Bywl/DMDj0p0+eFhDxS21j.3","action":"GetUpdates Response", "result":"Success", "context":Received 250 update(s). cV=Bywl/DMDj0p0+eFhDxS21j.0;server=akswtt22200000t;cloudType=Consumer;environment=Prod_brazilsouth_prod-s01-001-sam-brazilsouth;migrationStage=NotStarted Some updates remain.}
{"logTime": "1128/133651", "correlationVector":"UMKxWeo8ErFxqHpxC6vlmj","action":"Initial GetUpdates", "result":"", "context":Reason: NEWLY_SUPPORTED_DATATYPE. cV=UMKxWeo8ErFxqHpxC6vlmj}
{"logTime": "1128/133652", "correlationVector":"UMKxWeo8ErFxqHpxC6vlmj.1","action":"SyncServerConnectionManagerRequest", "result":"SYNC_SERVER_OK", "context":{"environment":"Prod_brazilsouth_prod-s01-001-sam-brazilsouth", "migrationStage":"NotStarted", "server":"akswtt22200000g"}}
{"logTime": "1128/133652", "correlationVector":"UMKxWeo8ErFxqHpxC6vlmj.2","action":"ProcessGetUpdates", "result":"Done", "context":{"dataType":"History", "deleted":"0", "process_failed_to_decrypt":"0", "process_pending_decryption":"0", "process_success":"250", "total":"250"}}
{"logTime": "1128/133652", "correlationVector":"UMKxWeo8ErFxqHpxC6vlmj.3","action":"GetUpdates Response", "result":"Success", "context":Received 250 update(s). cV=UMKxWeo8ErFxqHpxC6vlmj.0;server=akswtt22200000g;cloudType=Consumer;environment=Prod_brazilsouth_prod-s01-001-sam-brazilsouth;migrationStage=NotStarted Some updates remain.}
{"logTime": "1128/133652", "correlationVector":"LEa2Kd8IbHqVnWDQjlcC/a","action":"Initial GetUpdates", "result":"", "context":Reason: NEWLY_SUPPORTED_DATATYPE. cV=LEa2Kd8IbHqVnWDQjlcC/a}
{"logTime": "1128/133654", "correlationVector":"LEa2Kd8IbHqVnWDQjlcC/a.1","action":"SyncServerConnectionManagerRequest", "result":"SYNC_SERVER_OK", "context":{"environment":"Prod_brazilsouth_prod-s01-001-sam-brazilsouth", "migrationStage":"NotStarted", "server":"akswtt22200000c"}}
{"logTime": "1128/133654", "correlationVector":"LEa2Kd8IbHqVnWDQjlcC/a.2","action":"ProcessGetUpdates", "result":"Done", "context":{"dataType":"History", "deleted":"0", "process_failed_to_decrypt":"0", "process_pending_decryption":"0", "process_success":"250", "total":"250"}}
{"logTime": "1128/133654", "correlationVector":"LEa2Kd8IbHqVnWDQjlcC/a.3","action":"GetUpdates Response", "result":"Success", "context":Received 250 update(s). cV=LEa2Kd8IbHqVnWDQjlcC/a.0;server=akswtt22200000c;cloudType=Consumer;environment=Prod_brazilsouth_prod-s01-001-sam-brazilsouth;migrationStage=NotStarted Some updates remain.}
{"logTime": "1128/133654", "correlationVector":"CY11YrTvpNYe6ASXpDWnJN","action":"Initial GetUpdates", "result":"", "context":Reason: NEWLY_SUPPORTED_DATATYPE. cV=CY11YrTvpNYe6ASXpDWnJN}
{"logTime": "1128/133655", "correlationVector":"CY11YrTvpNYe6ASXpDWnJN.1","action":"SyncServerConnectionManagerRequest", "result":"SYNC_SERVER_OK", "context":{"environment":"Prod_brazilsouth_prod-s01-001-sam-brazilsouth", "migrationStage":"NotStarted", "server":"akswtt222000015"}}
{"logTime": "1128/133655", "correlationVector":"CY11YrTvpNYe6ASXpDWnJN.2","action":"ProcessGetUpdates", "result":"Done", "context":{"dataType":"History", "deleted":"0", "process_failed_to_decrypt":"0", "process_pending_decryption":"0", "process_success":"250", "total":"250"}}
{"logTime": "1128/133655", "correlationVector":"CY11YrTvpNYe6ASXpDWnJN.3","action":"GetUpdates Response", "result":"Success", "context":Received 250 update(s). cV=CY11YrTvpNYe6ASXpDWnJN.0;server=akswtt222000015;cloudType=Consumer;environment=Prod_brazilsouth_prod-s01-001-sam-brazilsouth;migrationStage=NotStarted Some updates remain.}
{"logTime": "1128/133655", "correlationVector":"nn/LO2MfvgEFF1f7Q0Fe7V","action":"Initial GetUpdates", "result":"", "context":Reason: NEWLY_SUPPORTED_DATATYPE. cV=nn/LO2MfvgEFF1f7Q0Fe7V}
{"logTime": "1128/133656", "correlationVector":"nn/LO2MfvgEFF1f7Q0Fe7V.1","action":"SyncServerConnectionManagerRequest", "result":"SYNC_SERVER_OK", "context":{"environment":"Prod_brazilsouth_prod-s01-001-sam-brazilsouth", "migrationStage":"NotStarted", "server":"akswtt22200000c"}}
{"logTime": "1128/133656", "correlationVector":"nn/LO2MfvgEFF1f7Q0Fe7V.2","action":"ProcessGetUpdates", "result":"Done", "context":{"dataType":"History", "deleted":"0", "process_failed_to_decrypt":"0", "process_pending_decryption":"0", "process_success":"65", "total":"65"}}
{"logTime": "1128/133656", "correlationVector":"nn/LO2MfvgEFF1f7Q0Fe7V.3","action":"GetUpdates Response", "result":"Success", "context":Received 65 update(s). cV=nn/LO2MfvgEFF1f7Q0Fe7V.0;server=akswtt22200000c;cloudType=Consumer;environment=Prod_brazilsouth_prod-s01-001-sam-brazilsouth;migrationStage=NotStarted}
{"logTime": "1128/133656", "correlationVector":"plEo47krA6gY5lG+l4nuk8","action":"Normal GetUpdate request", "result":"", "context":cV=plEo47krA6gY5lG+l4nuk8
Nudged types: Preferences, Passwords, Sessions, Device Info, User Consents
Refresh requested types: Bookmarks, Preferences, Passwords, Autofill Profiles, Autofill, Extensions, Sessions, Extension settings, History Delete Directives, Device Info, User Consents, Send Tab To Self, Web Apps, History, Saved Tab Group, WebAuthn Credentials, Collection, Edge E Drop, Edge Hub App Usage, Edge Wallet, Encryption Keys}
{"logTime": "1128/133657", "correlationVector":"plEo47krA6gY5lG+l4nuk8.1","action":"SyncServerConnectionManagerRequest", "result":"SYNC_SERVER_OK", "context":{"environment":"Prod_brazilsouth_prod-s01-001-sam-brazilsouth", "migrationStage":"NotStarted", "server":"akswtt22200000t"}}
{"logTime": "1128/133657", "correlationVector":"plEo47krA6gY5lG+l4nuk8.2","action":"GetUpdates Response", "result":"Success", "context":Received 0 update(s). cV=plEo47krA6gY5lG+l4nuk8.0;server=akswtt22200000t;cloudType=Consumer;environment=Prod_brazilsouth_prod-s01-001-sam-brazilsouth;migrationStage=NotStarted}
{"logTime": "1128/133658", "correlationVector":"ssmYVS+qyxhBlIOtywUEzO","action":"Commit Request", "result":"", "context":Item count: 32
Contributing types: Preferences, Passwords, Sessions, Device Info, User Consents}
{"logTime": "1128/133701", "correlationVector":"ssmYVS+qyxhBlIOtywUEzO.1","action":"SyncServerConnectionManagerRequest", "result":"SYNC_SERVER_OK", "context":{"environment":"Prod_brazilsouth_prod-s01-001-sam-brazilsouth", "migrationStage":"NotStarted", "server":"akswtt22200000g"}}
{"logTime": "1128/133701", "correlationVector":"ssmYVS+qyxhBlIOtywUEzO.2","action":"Commit Response", "result":"Success", "context":Result: Success. cV=ssmYVS+qyxhBlIOtywUEzO.0;server=akswtt22200000g;cloudType=Consumer;environment=Prod_brazilsouth_prod-s01-001-sam-brazilsouth;migrationStage=NotStarted}
{"logTime": "1128/133705", "correlationVector":"AVC+834bcXngC7NFhwJqKP","action":"Commit Request", "result":"", "context":Item count: 30
Contributing types: Passwords}
{"logTime": "1128/133707", "correlationVector":"AVC+834bcXngC7NFhwJqKP.1","action":"SyncServerConnectionManagerRequest", "result":"SYNC_SERVER_OK", "context":{"environment":"Prod_brazilsouth_prod-s01-034-sam-brazilsouth", "migrationStage":"NotStarted", "server":"akswtt01800000b"}}
{"logTime": "1128/133707", "correlationVector":"AVC+834bcXngC7NFhwJqKP.2","action":"Commit Response", "result":"Success", "context":Result: Success. cV=AVC+834bcXngC7NFhwJqKP.0;server=akswtt01800000b;cloudType=Consumer;environment=Prod_brazilsouth_prod-s01-034-sam-brazilsouth;migrationStage=NotStarted}
{"logTime": "1128/133732", "correlationVector":"80TPdi5kvE/STnLSxfeD6K","action":"Normal GetUpdate request", "result":"", "context":cV=80TPdi5kvE/STnLSxfeD6K
Notified types: Device Info}
{"logTime": "1128/133733", "correlationVector":"80TPdi5kvE/STnLSxfeD6K.1","action":"SyncServerConnectionManagerRequest", "result":"SYNC_SERVER_OK", "context":{"environment":"Prod_brazilsouth_prod-s01-001-sam-brazilsouth", "migrationStage":"NotStarted", "server":"akswtt22200000j"}}
{"logTime": "1128/133733", "correlationVector":"80TPdi5kvE/STnLSxfeD6K.2","action":"ProcessGetUpdates", "result":"Done", "context":{"dataType":"Preferences", "deleted":"0", "process_failed_to_decrypt":"0", "process_pending_decryption":"0", "process_success":"1", "total":"1"}}
{"logTime": "1128/133733", "correlationVector":"80TPdi5kvE/STnLSxfeD6K.3","action":"ProcessGetUpdates", "result":"Done", "context":{"dataType":"Passwords", "deleted":"0", "process_failed_to_decrypt":"0", "process_pending_decryption":"0", "process_success":"30", "total":"30"}}
{"logTime": "1128/133733", "correlationVector":"80TPdi5kvE/STnLSxfeD6K.4","action":"ProcessGetUpdates", "result":"Done", "context":{"dataType":"Sessions", "deleted":"0", "process_failed_to_decrypt":"0", "process_pending_decryption":"0", "process_success":"1", "total":"1"}}
{"logTime": "1128/133733", "correlationVector":"80TPdi5kvE/STnLSxfeD6K.5","action":"ProcessGetUpdates", "result":"Done", "context":{"dataType":"Device Info", "deleted":"0", "process_failed_to_decrypt":"0", "process_pending_decryption":"0", "process_success":"2", "total":"2"}}
{"logTime": "1128/133733", "correlationVector":"80TPdi5kvE/STnLSxfeD6K.6","action":"GetUpdates Response", "result":"Success", "context":Received 34 update(s). cV=80TPdi5kvE/STnLSxfeD6K.0;server=akswtt22200000j;cloudType=Consumer;environment=Prod_brazilsouth_prod-s01-001-sam-brazilsouth;migrationStage=NotStarted}
{"logTime": "1128/133734", "correlationVector":"4VogtDVg4Ii95e2JDPKEiH","action":"DoCompareDataConsistency requsted types: ", "result":"Bookmarks, Preferences, Passwords, Extensions, Extension settings, History Delete Directives, Send Tab To Self, Web Apps, History, Saved Tab Group, WebAuthn Credentials, Collection, Edge E Drop, Edge Wallet, Encryption Keys"}
{"logTime": "1128/133734", "correlationVector":"4VogtDVg4Ii95e2JDPKEiH.0","action":"CompareDataConsistency result: ", "result":"Compare result: Encryption Keys is consistent. local entities count is: 1 local entities hash is: h2Enc5dWh4npqVY6TrSMYPfXDGg="}
{"logTime": "1128/133734", "correlationVector":"4VogtDVg4Ii95e2JDPKEiH.1","action":"CompareDataConsistency result: ", "result":"Compare result: Bookmarks is consistent. local entities count is: 15 local entities hash is: wfWyKUHfQ6ADJbhOvyGI2OEAK+Q="}
{"logTime": "1128/133734", "correlationVector":"4VogtDVg4Ii95e2JDPKEiH.2","action":"CompareDataConsistency result: ", "result":"Compare result: Preferences is consistent. local entities count is: 82 local entities hash is: U7JW1zs/qgL18qg+vOyA2qK6CAk="}
{"logTime": "1128/133734", "correlationVector":"4VogtDVg4Ii95e2JDPKEiH.3","action":"CompareDataConsistency result: ", "result":"Compare result: Extensions is consistent. local entities count is: 0 local entities hash is: "}
{"logTime": "1128/133734", "correlationVector":"4VogtDVg4Ii95e2JDPKEiH.4","action":"CompareDataConsistency result: ", "result":"Compare result: Extension settings is consistent. local entities count is: 0 local entities hash is: "}
{"logTime": "1128/133734", "correlationVector":"4VogtDVg4Ii95e2JDPKEiH.5","action":"CompareDataConsistency result: ", "result":"Compare result: History Delete Directives is consistent. local entities count is: 0 local entities hash is: "}
{"logTime": "1128/133734", "correlationVector":"4VogtDVg4Ii95e2JDPKEiH.6","action":"CompareDataConsistency result: ", "result":"Server did not send this Send Tab To Self local entities count is: 0 local entities hash is: "}
{"logTime": "1128/133734", "correlationVector":"4VogtDVg4Ii95e2JDPKEiH.7","action":"CompareDataConsistency result: ", "result":"Compare result: Web Apps is consistent. local entities count is: 0 local entities hash is: "}
{"logTime": "1128/133734", "correlationVector":"4VogtDVg4Ii95e2JDPKEiH.8","action":"CompareDataConsistency result: ", "result":"Server did not send this History local entities count is: 0 local entities hash is: "}
{"logTime": "1128/133734", "correlationVector":"4VogtDVg4Ii95e2JDPKEiH.9","action":"CompareDataConsistency result: ", "result":"Compare result: Saved Tab Group is consistent. local entities count is: 0 local entities hash is: "}
{"logTime": "1128/133734", "correlationVector":"4VogtDVg4Ii95e2JDPKEiH.10","action":"CompareDataConsistency result: ", "result":"Server did not send this WebAuthn Credentials local entities count is: 0 local entities hash is: "}
{"logTime": "1128/133734", "correlationVector":"4VogtDVg4Ii95e2JDPKEiH.11","action":"CompareDataConsistency result: ", "result":"Compare result: Collection is consistent. local entities count is: 0 local entities hash is: "}
{"logTime": "1128/133734", "correlationVector":"4VogtDVg4Ii95e2JDPKEiH.12","action":"CompareDataConsistency result: ", "result":"Compare result: Edge E Drop is consistent. local entities count is: 0 local entities hash is: "}
{"logTime": "1128/133734", "correlationVector":"4VogtDVg4Ii95e2JDPKEiH.13","action":"CompareDataConsistency result: ", "result":"Compare result: Edge Wallet is consistent. local entities count is: 0 local entities hash is: "}
{"logTime": "1128/133734", "correlationVector":"4VogtDVg4Ii95e2JDPKEiH.14","action":"CompareDataConsistency result: ", "result":"Compare result: Passwords is consistent. local entities count is: 32 local entities hash is: +cALk4S73WjzZjJ8w0mXzf0LOeY="}
{"logTime": "1128/133735", "correlationVector":"","action":"DIAGNOSTIC_REQUEST|v1/diagnosticData/Diagnostic.SendCheckResult()|SUCCESS", "result":""}
{"logTime": "1128/133735", "correlationVector":"t6EMm24ptA4IKkKJhNxYSz","action":"Normal GetUpdate request", "result":"", "context":cV=t6EMm24ptA4IKkKJhNxYSz
Notified types: Preferences}
{"logTime": "1128/133735", "correlationVector":"t6EMm24ptA4IKkKJhNxYSz.1","action":"SyncServerConnectionManagerRequest", "result":"SYNC_SERVER_OK", "context":{"environment":"Prod_brazilsouth_prod-s01-001-sam-brazilsouth", "migrationStage":"NotStarted", "server":"akswtt22200000b"}}
{"logTime": "1128/133735", "correlationVector":"t6EMm24ptA4IKkKJhNxYSz.2","action":"ProcessGetUpdates", "result":"Done", "context":{"dataType":"Preferences", "deleted":"0", "process_failed_to_decrypt":"0", "process_pending_decryption":"0", "process_success":"1", "total":"1"}}
{"logTime": "1128/133735", "correlationVector":"t6EMm24ptA4IKkKJhNxYSz.3","action":"GetUpdates Response", "result":"Success", "context":Received 1 update(s). cV=t6EMm24ptA4IKkKJhNxYSz.0;server=akswtt22200000b;cloudType=Consumer;environment=Prod_brazilsouth_prod-s01-001-sam-brazilsouth;migrationStage=NotStarted}
{"logTime": "1128/133738", "correlationVector":"KdApRkmCe9ySC8dNaEIuPQ","action":"Commit Request", "result":"", "context":Item count: 1
Contributing types: User Consents}
{"logTime": "1128/133740", "correlationVector":"KdApRkmCe9ySC8dNaEIuPQ.1","action":"SyncServerConnectionManagerRequest", "result":"SYNC_SERVER_OK", "context":{"environment":"Prod_brazilsouth_prod-s01-001-sam-brazilsouth", "migrationStage":"NotStarted", "server":"akswtt222000015"}}
{"logTime": "1128/133740", "correlationVector":"KdApRkmCe9ySC8dNaEIuPQ.2","action":"Commit Response", "result":"Success", "context":Result: Success. cV=KdApRkmCe9ySC8dNaEIuPQ.0;server=akswtt222000015;cloudType=Consumer;environment=Prod_brazilsouth_prod-s01-001-sam-brazilsouth;migrationStage=NotStarted}
